Vivado Simulator 2017.4
Time resolution is 1 ps
Info: [XPM_MEMORY 20-2] MEMORY_INIT_FILE (none), MEMORY_INIT_PARAM together specify no memory initialization. Initial memory contents will be all 0's. window_slide_tb.window_slide_uut.genblk3[0].genblk2[0].linebuf_ramx.xpm_memory_sdpram_inst.xpm_memory_base_inst.config_drc  0
Time: 1 ps  Iteration: 0  Process: /window_slide_tb/window_slide_uut/genblk3[0].genblk2[0].linebuf_ramx/xpm_memory_sdpram_inst/xpm_memory_base_inst/Initial270_46  File: /wrk/2017.4/nightly/2017_12_15_2086221/prep/rdi/vivado/data/ip/xpm/xpm_memory/hdl/xpm_memory.sv
Error: [XPM_MEMORY 40-49] WRITE_MODE_B (2) specifies write-first or no-change mode , but Simple Dual port distributed RAM configurations must use read-first mode for port B. window_slide_tb.window_slide_uut.genblk3[0].genblk2[0].linebuf_ramx.xpm_memory_sdpram_inst.xpm_memory_base_inst.config_drc
Time: 1 ps  Iteration: 0  Process: /window_slide_tb/window_slide_uut/genblk3[0].genblk2[0].linebuf_ramx/xpm_memory_sdpram_inst/xpm_memory_base_inst/Initial270_46  File: /wrk/2017.4/nightly/2017_12_15_2086221/prep/rdi/vivado/data/ip/xpm/xpm_memory/hdl/xpm_memory.sv
Info: [XPM_MEMORY 20-2] MEMORY_INIT_FILE (none), MEMORY_INIT_PARAM together specify no memory initialization. Initial memory contents will be all 0's. window_slide_tb.window_slide_uut.genblk3[0].genblk2[1].linebuf_ramx.xpm_memory_sdpram_inst.xpm_memory_base_inst.config_drc  0
Time: 1 ps  Iteration: 0  Process: /window_slide_tb/window_slide_uut/genblk3[0].genblk2[1].linebuf_ramx/xpm_memory_sdpram_inst/xpm_memory_base_inst/Initial270_46  File: /wrk/2017.4/nightly/2017_12_15_2086221/prep/rdi/vivado/data/ip/xpm/xpm_memory/hdl/xpm_memory.sv
Error: [XPM_MEMORY 40-49] WRITE_MODE_B (2) specifies write-first or no-change mode , but Simple Dual port distributed RAM configurations must use read-first mode for port B. window_slide_tb.window_slide_uut.genblk3[0].genblk2[1].linebuf_ramx.xpm_memory_sdpram_inst.xpm_memory_base_inst.config_drc
Time: 1 ps  Iteration: 0  Process: /window_slide_tb/window_slide_uut/genblk3[0].genblk2[1].linebuf_ramx/xpm_memory_sdpram_inst/xpm_memory_base_inst/Initial270_46  File: /wrk/2017.4/nightly/2017_12_15_2086221/prep/rdi/vivado/data/ip/xpm/xpm_memory/hdl/xpm_memory.sv
Info: [XPM_MEMORY 20-2] MEMORY_INIT_FILE (none), MEMORY_INIT_PARAM together specify no memory initialization. Initial memory contents will be all 0's. window_slide_tb.window_slide_uut.genblk3[1].genblk2[0].linebuf_ramx.xpm_memory_sdpram_inst.xpm_memory_base_inst.config_drc  0
Time: 1 ps  Iteration: 0  Process: /window_slide_tb/window_slide_uut/genblk3[1].genblk2[0].linebuf_ramx/xpm_memory_sdpram_inst/xpm_memory_base_inst/Initial270_46  File: /wrk/2017.4/nightly/2017_12_15_2086221/prep/rdi/vivado/data/ip/xpm/xpm_memory/hdl/xpm_memory.sv
Error: [XPM_MEMORY 40-49] WRITE_MODE_B (2) specifies write-first or no-change mode , but Simple Dual port distributed RAM configurations must use read-first mode for port B. window_slide_tb.window_slide_uut.genblk3[1].genblk2[0].linebuf_ramx.xpm_memory_sdpram_inst.xpm_memory_base_inst.config_drc
Time: 1 ps  Iteration: 0  Process: /window_slide_tb/window_slide_uut/genblk3[1].genblk2[0].linebuf_ramx/xpm_memory_sdpram_inst/xpm_memory_base_inst/Initial270_46  File: /wrk/2017.4/nightly/2017_12_15_2086221/prep/rdi/vivado/data/ip/xpm/xpm_memory/hdl/xpm_memory.sv
Info: [XPM_MEMORY 20-2] MEMORY_INIT_FILE (none), MEMORY_INIT_PARAM together specify no memory initialization. Initial memory contents will be all 0's. window_slide_tb.window_slide_uut.genblk3[1].genblk2[1].linebuf_ramx.xpm_memory_sdpram_inst.xpm_memory_base_inst.config_drc  0
Time: 1 ps  Iteration: 0  Process: /window_slide_tb/window_slide_uut/genblk3[1].genblk2[1].linebuf_ramx/xpm_memory_sdpram_inst/xpm_memory_base_inst/Initial270_46  File: /wrk/2017.4/nightly/2017_12_15_2086221/prep/rdi/vivado/data/ip/xpm/xpm_memory/hdl/xpm_memory.sv
Error: [XPM_MEMORY 40-49] WRITE_MODE_B (2) specifies write-first or no-change mode , but Simple Dual port distributed RAM configurations must use read-first mode for port B. window_slide_tb.window_slide_uut.genblk3[1].genblk2[1].linebuf_ramx.xpm_memory_sdpram_inst.xpm_memory_base_inst.config_drc
Time: 1 ps  Iteration: 0  Process: /window_slide_tb/window_slide_uut/genblk3[1].genblk2[1].linebuf_ramx/xpm_memory_sdpram_inst/xpm_memory_base_inst/Initial270_46  File: /wrk/2017.4/nightly/2017_12_15_2086221/prep/rdi/vivado/data/ip/xpm/xpm_memory/hdl/xpm_memory.sv
Info: [XPM_MEMORY 20-2] MEMORY_INIT_FILE (none), MEMORY_INIT_PARAM together specify no memory initialization. Initial memory contents will be all 0's. window_slide_tb.window_slide_uut.genblk3[2].genblk2[0].linebuf_ramx.xpm_memory_sdpram_inst.xpm_memory_base_inst.config_drc  0
Time: 1 ps  Iteration: 0  Process: /window_slide_tb/window_slide_uut/genblk3[2].genblk2[0].linebuf_ramx/xpm_memory_sdpram_inst/xpm_memory_base_inst/Initial270_46  File: /wrk/2017.4/nightly/2017_12_15_2086221/prep/rdi/vivado/data/ip/xpm/xpm_memory/hdl/xpm_memory.sv
Error: [XPM_MEMORY 40-49] WRITE_MODE_B (2) specifies write-first or no-change mode , but Simple Dual port distributed RAM configurations must use read-first mode for port B. window_slide_tb.window_slide_uut.genblk3[2].genblk2[0].linebuf_ramx.xpm_memory_sdpram_inst.xpm_memory_base_inst.config_drc
Time: 1 ps  Iteration: 0  Process: /window_slide_tb/window_slide_uut/genblk3[2].genblk2[0].linebuf_ramx/xpm_memory_sdpram_inst/xpm_memory_base_inst/Initial270_46  File: /wrk/2017.4/nightly/2017_12_15_2086221/prep/rdi/vivado/data/ip/xpm/xpm_memory/hdl/xpm_memory.sv
Info: [XPM_MEMORY 20-2] MEMORY_INIT_FILE (none), MEMORY_INIT_PARAM together specify no memory initialization. Initial memory contents will be all 0's. window_slide_tb.window_slide_uut.genblk3[2].genblk2[1].linebuf_ramx.xpm_memory_sdpram_inst.xpm_memory_base_inst.config_drc  0
Time: 1 ps  Iteration: 0  Process: /window_slide_tb/window_slide_uut/genblk3[2].genblk2[1].linebuf_ramx/xpm_memory_sdpram_inst/xpm_memory_base_inst/Initial270_46  File: /wrk/2017.4/nightly/2017_12_15_2086221/prep/rdi/vivado/data/ip/xpm/xpm_memory/hdl/xpm_memory.sv
Error: [XPM_MEMORY 40-49] WRITE_MODE_B (2) specifies write-first or no-change mode , but Simple Dual port distributed RAM configurations must use read-first mode for port B. window_slide_tb.window_slide_uut.genblk3[2].genblk2[1].linebuf_ramx.xpm_memory_sdpram_inst.xpm_memory_base_inst.config_drc
Time: 1 ps  Iteration: 0  Process: /window_slide_tb/window_slide_uut/genblk3[2].genblk2[1].linebuf_ramx/xpm_memory_sdpram_inst/xpm_memory_base_inst/Initial270_46  File: /wrk/2017.4/nightly/2017_12_15_2086221/prep/rdi/vivado/data/ip/xpm/xpm_memory/hdl/xpm_memory.sv
Info: [XPM_MEMORY 20-2] MEMORY_INIT_FILE (none), MEMORY_INIT_PARAM together specify no memory initialization. Initial memory contents will be all 0's. window_slide_tb.window_slide_uut.genblk3[3].genblk2[0].linebuf_ramx.xpm_memory_sdpram_inst.xpm_memory_base_inst.config_drc  0
Time: 1 ps  Iteration: 0  Process: /window_slide_tb/window_slide_uut/genblk3[3].genblk2[0].linebuf_ramx/xpm_memory_sdpram_inst/xpm_memory_base_inst/Initial270_46  File: /wrk/2017.4/nightly/2017_12_15_2086221/prep/rdi/vivado/data/ip/xpm/xpm_memory/hdl/xpm_memory.sv
Error: [XPM_MEMORY 40-49] WRITE_MODE_B (2) specifies write-first or no-change mode , but Simple Dual port distributed RAM configurations must use read-first mode for port B. window_slide_tb.window_slide_uut.genblk3[3].genblk2[0].linebuf_ramx.xpm_memory_sdpram_inst.xpm_memory_base_inst.config_drc
Time: 1 ps  Iteration: 0  Process: /window_slide_tb/window_slide_uut/genblk3[3].genblk2[0].linebuf_ramx/xpm_memory_sdpram_inst/xpm_memory_base_inst/Initial270_46  File: /wrk/2017.4/nightly/2017_12_15_2086221/prep/rdi/vivado/data/ip/xpm/xpm_memory/hdl/xpm_memory.sv
Info: [XPM_MEMORY 20-2] MEMORY_INIT_FILE (none), MEMORY_INIT_PARAM together specify no memory initialization. Initial memory contents will be all 0's. window_slide_tb.window_slide_uut.genblk3[3].genblk2[1].linebuf_ramx.xpm_memory_sdpram_inst.xpm_memory_base_inst.config_drc  0
Time: 1 ps  Iteration: 0  Process: /window_slide_tb/window_slide_uut/genblk3[3].genblk2[1].linebuf_ramx/xpm_memory_sdpram_inst/xpm_memory_base_inst/Initial270_46  File: /wrk/2017.4/nightly/2017_12_15_2086221/prep/rdi/vivado/data/ip/xpm/xpm_memory/hdl/xpm_memory.sv
Error: [XPM_MEMORY 40-49] WRITE_MODE_B (2) specifies write-first or no-change mode , but Simple Dual port distributed RAM configurations must use read-first mode for port B. window_slide_tb.window_slide_uut.genblk3[3].genblk2[1].linebuf_ramx.xpm_memory_sdpram_inst.xpm_memory_base_inst.config_drc
Time: 1 ps  Iteration: 0  Process: /window_slide_tb/window_slide_uut/genblk3[3].genblk2[1].linebuf_ramx/xpm_memory_sdpram_inst/xpm_memory_base_inst/Initial270_46  File: /wrk/2017.4/nightly/2017_12_15_2086221/prep/rdi/vivado/data/ip/xpm/xpm_memory/hdl/xpm_memory.sv
Info: [XPM_MEMORY 20-2] MEMORY_INIT_FILE (none), MEMORY_INIT_PARAM together specify no memory initialization. Initial memory contents will be all 0's. window_slide_tb.window_slide_uut.genblk3[4].genblk2[0].linebuf_ramx.xpm_memory_sdpram_inst.xpm_memory_base_inst.config_drc  0
Time: 1 ps  Iteration: 0  Process: /window_slide_tb/window_slide_uut/genblk3[4].genblk2[0].linebuf_ramx/xpm_memory_sdpram_inst/xpm_memory_base_inst/Initial270_46  File: /wrk/2017.4/nightly/2017_12_15_2086221/prep/rdi/vivado/data/ip/xpm/xpm_memory/hdl/xpm_memory.sv
Error: [XPM_MEMORY 40-49] WRITE_MODE_B (2) specifies write-first or no-change mode , but Simple Dual port distributed RAM configurations must use read-first mode for port B. window_slide_tb.window_slide_uut.genblk3[4].genblk2[0].linebuf_ramx.xpm_memory_sdpram_inst.xpm_memory_base_inst.config_drc
Time: 1 ps  Iteration: 0  Process: /window_slide_tb/window_slide_uut/genblk3[4].genblk2[0].linebuf_ramx/xpm_memory_sdpram_inst/xpm_memory_base_inst/Initial270_46  File: /wrk/2017.4/nightly/2017_12_15_2086221/prep/rdi/vivado/data/ip/xpm/xpm_memory/hdl/xpm_memory.sv
Info: [XPM_MEMORY 20-2] MEMORY_INIT_FILE (none), MEMORY_INIT_PARAM together specify no memory initialization. Initial memory contents will be all 0's. window_slide_tb.window_slide_uut.genblk3[4].genblk2[1].linebuf_ramx.xpm_memory_sdpram_inst.xpm_memory_base_inst.config_drc  0
Time: 1 ps  Iteration: 0  Process: /window_slide_tb/window_slide_uut/genblk3[4].genblk2[1].linebuf_ramx/xpm_memory_sdpram_inst/xpm_memory_base_inst/Initial270_46  File: /wrk/2017.4/nightly/2017_12_15_2086221/prep/rdi/vivado/data/ip/xpm/xpm_memory/hdl/xpm_memory.sv
Error: [XPM_MEMORY 40-49] WRITE_MODE_B (2) specifies write-first or no-change mode , but Simple Dual port distributed RAM configurations must use read-first mode for port B. window_slide_tb.window_slide_uut.genblk3[4].genblk2[1].linebuf_ramx.xpm_memory_sdpram_inst.xpm_memory_base_inst.config_drc
Time: 1 ps  Iteration: 0  Process: /window_slide_tb/window_slide_uut/genblk3[4].genblk2[1].linebuf_ramx/xpm_memory_sdpram_inst/xpm_memory_base_inst/Initial270_46  File: /wrk/2017.4/nightly/2017_12_15_2086221/prep/rdi/vivado/data/ip/xpm/xpm_memory/hdl/xpm_memory.sv
Info: [XPM_MEMORY 20-2] MEMORY_INIT_FILE (none), MEMORY_INIT_PARAM together specify no memory initialization. Initial memory contents will be all 0's. window_slide_tb.window_slide_stride1.genblk2[0].linebuf_ramx.xpm_memory_sdpram_inst.xpm_memory_base_inst.config_drc  0
Time: 1 ps  Iteration: 0  Process: /window_slide_tb/window_slide_stride1/genblk2[0].linebuf_ramx/xpm_memory_sdpram_inst/xpm_memory_base_inst/Initial270_147  File: /wrk/2017.4/nightly/2017_12_15_2086221/prep/rdi/vivado/data/ip/xpm/xpm_memory/hdl/xpm_memory.sv
Error: [XPM_MEMORY 40-49] WRITE_MODE_B (2) specifies write-first or no-change mode , but Simple Dual port distributed RAM configurations must use read-first mode for port B. window_slide_tb.window_slide_stride1.genblk2[0].linebuf_ramx.xpm_memory_sdpram_inst.xpm_memory_base_inst.config_drc
Time: 1 ps  Iteration: 0  Process: /window_slide_tb/window_slide_stride1/genblk2[0].linebuf_ramx/xpm_memory_sdpram_inst/xpm_memory_base_inst/Initial270_147  File: /wrk/2017.4/nightly/2017_12_15_2086221/prep/rdi/vivado/data/ip/xpm/xpm_memory/hdl/xpm_memory.sv
Info: [XPM_MEMORY 20-2] MEMORY_INIT_FILE (none), MEMORY_INIT_PARAM together specify no memory initialization. Initial memory contents will be all 0's. window_slide_tb.window_slide_stride1.genblk2[1].linebuf_ramx.xpm_memory_sdpram_inst.xpm_memory_base_inst.config_drc  0
Time: 1 ps  Iteration: 0  Process: /window_slide_tb/window_slide_stride1/genblk2[1].linebuf_ramx/xpm_memory_sdpram_inst/xpm_memory_base_inst/Initial270_147  File: /wrk/2017.4/nightly/2017_12_15_2086221/prep/rdi/vivado/data/ip/xpm/xpm_memory/hdl/xpm_memory.sv
Error: [XPM_MEMORY 40-49] WRITE_MODE_B (2) specifies write-first or no-change mode , but Simple Dual port distributed RAM configurations must use read-first mode for port B. window_slide_tb.window_slide_stride1.genblk2[1].linebuf_ramx.xpm_memory_sdpram_inst.xpm_memory_base_inst.config_drc
Time: 1 ps  Iteration: 0  Process: /window_slide_tb/window_slide_stride1/genblk2[1].linebuf_ramx/xpm_memory_sdpram_inst/xpm_memory_base_inst/Initial270_147  File: /wrk/2017.4/nightly/2017_12_15_2086221/prep/rdi/vivado/data/ip/xpm/xpm_memory/hdl/xpm_memory.sv
Info: [XPM_MEMORY 20-2] MEMORY_INIT_FILE (none), MEMORY_INIT_PARAM together specify no memory initialization. Initial memory contents will be all 0's. window_slide_tb.window_slide_stride1.genblk2[2].linebuf_ramx.xpm_memory_sdpram_inst.xpm_memory_base_inst.config_drc  0
Time: 1 ps  Iteration: 0  Process: /window_slide_tb/window_slide_stride1/genblk2[2].linebuf_ramx/xpm_memory_sdpram_inst/xpm_memory_base_inst/Initial270_147  File: /wrk/2017.4/nightly/2017_12_15_2086221/prep/rdi/vivado/data/ip/xpm/xpm_memory/hdl/xpm_memory.sv
Error: [XPM_MEMORY 40-49] WRITE_MODE_B (2) specifies write-first or no-change mode , but Simple Dual port distributed RAM configurations must use read-first mode for port B. window_slide_tb.window_slide_stride1.genblk2[2].linebuf_ramx.xpm_memory_sdpram_inst.xpm_memory_base_inst.config_drc
Time: 1 ps  Iteration: 0  Process: /window_slide_tb/window_slide_stride1/genblk2[2].linebuf_ramx/xpm_memory_sdpram_inst/xpm_memory_base_inst/Initial270_147  File: /wrk/2017.4/nightly/2017_12_15_2086221/prep/rdi/vivado/data/ip/xpm/xpm_memory/hdl/xpm_memory.sv
Info: [XPM_MEMORY 20-2] MEMORY_INIT_FILE (none), MEMORY_INIT_PARAM together specify no memory initialization. Initial memory contents will be all 0's. window_slide_tb.window_slide_stride1.genblk2[3].linebuf_ramx.xpm_memory_sdpram_inst.xpm_memory_base_inst.config_drc  0
Time: 1 ps  Iteration: 0  Process: /window_slide_tb/window_slide_stride1/genblk2[3].linebuf_ramx/xpm_memory_sdpram_inst/xpm_memory_base_inst/Initial270_147  File: /wrk/2017.4/nightly/2017_12_15_2086221/prep/rdi/vivado/data/ip/xpm/xpm_memory/hdl/xpm_memory.sv
Error: [XPM_MEMORY 40-49] WRITE_MODE_B (2) specifies write-first or no-change mode , but Simple Dual port distributed RAM configurations must use read-first mode for port B. window_slide_tb.window_slide_stride1.genblk2[3].linebuf_ramx.xpm_memory_sdpram_inst.xpm_memory_base_inst.config_drc
Time: 1 ps  Iteration: 0  Process: /window_slide_tb/window_slide_stride1/genblk2[3].linebuf_ramx/xpm_memory_sdpram_inst/xpm_memory_base_inst/Initial270_147  File: /wrk/2017.4/nightly/2017_12_15_2086221/prep/rdi/vivado/data/ip/xpm/xpm_memory/hdl/xpm_memory.sv
$finish called at time : 2 ps : File "/wrk/2017.4/nightly/2017_12_15_2086221/prep/rdi/vivado/data/ip/xpm/xpm_memory/hdl/xpm_memory.sv" Line 979
$finish called at time : 2 ps : File "/wrk/2017.4/nightly/2017_12_15_2086221/prep/rdi/vivado/data/ip/xpm/xpm_memory/hdl/xpm_memory.sv" Line 979
$finish called at time : 2 ps : File "/wrk/2017.4/nightly/2017_12_15_2086221/prep/rdi/vivado/data/ip/xpm/xpm_memory/hdl/xpm_memory.sv" Line 979
$finish called at time : 2 ps : File "/wrk/2017.4/nightly/2017_12_15_2086221/prep/rdi/vivado/data/ip/xpm/xpm_memory/hdl/xpm_memory.sv" Line 979
$finish called at time : 2 ps : File "/wrk/2017.4/nightly/2017_12_15_2086221/prep/rdi/vivado/data/ip/xpm/xpm_memory/hdl/xpm_memory.sv" Line 979
$finish called at time : 2 ps : File "/wrk/2017.4/nightly/2017_12_15_2086221/prep/rdi/vivado/data/ip/xpm/xpm_memory/hdl/xpm_memory.sv" Line 979
$finish called at time : 2 ps : File "/wrk/2017.4/nightly/2017_12_15_2086221/prep/rdi/vivado/data/ip/xpm/xpm_memory/hdl/xpm_memory.sv" Line 979
$finish called at time : 2 ps : File "/wrk/2017.4/nightly/2017_12_15_2086221/prep/rdi/vivado/data/ip/xpm/xpm_memory/hdl/xpm_memory.sv" Line 979
$finish called at time : 2 ps : File "/wrk/2017.4/nightly/2017_12_15_2086221/prep/rdi/vivado/data/ip/xpm/xpm_memory/hdl/xpm_memory.sv" Line 979
$finish called at time : 2 ps : File "/wrk/2017.4/nightly/2017_12_15_2086221/prep/rdi/vivado/data/ip/xpm/xpm_memory/hdl/xpm_memory.sv" Line 979
$finish called at time : 2 ps : File "/wrk/2017.4/nightly/2017_12_15_2086221/prep/rdi/vivado/data/ip/xpm/xpm_memory/hdl/xpm_memory.sv" Line 979
$finish called at time : 2 ps : File "/wrk/2017.4/nightly/2017_12_15_2086221/prep/rdi/vivado/data/ip/xpm/xpm_memory/hdl/xpm_memory.sv" Line 979
$finish called at time : 2 ps : File "/wrk/2017.4/nightly/2017_12_15_2086221/prep/rdi/vivado/data/ip/xpm/xpm_memory/hdl/xpm_memory.sv" Line 979
$finish called at time : 2 ps : File "/wrk/2017.4/nightly/2017_12_15_2086221/prep/rdi/vivado/data/ip/xpm/xpm_memory/hdl/xpm_memory.sv" Line 979
$finish called at time : 10058 ns : File "D:/self_learning/window_slide/window_slide.srcs/sim_1/new/window_slide_tb.v" Line 50
